<?xml version="1.0" encoding="UTF-8"?>
<!-- Generated by org.testng.reporters.JUnitXMLReporter -->
<testsuite ignored="0" hostname="Tamizhselvi" failures="0" tests="7" name="Default test" time="73.578" errors="0" timestamp="2023-12-07T15:05:37 IST">
  <testcase classname="TestCases.FlightSearch" name="SearchWithValidValues" time="23.132"/>
  <testcase classname="TestCases.FlightSearch" name="bookAFlight" time="5.478"/>
  <testcase classname="TestCases.FlightSearch" name="selectTripSecureOption" time="0.988"/>
  <testcase classname="TestCases.FlightSearch" name="ProvidePassengerDetails" time="8.717"/>
  <testcase classname="TestCases.FlightSearch" name="ProvideInvoiceDetails" time="6.565"/>
  <testcase classname="TestCases.FlightSearch" name="SelectionOfSeatAndMeal" time="9.674"/>
  <testcase classname="TestCases.FlightSearch" name="SelectAddOnOptions" time="6.14"/>
</testsuite> <!-- Default test -->
